<?xml version="1.0" encoding="UTF-8"?>
<testng-results ignored="0" total="1" passed="1" failed="0" skipped="0">
  <reporter-output>
  </reporter-output>
  <suite started-at="2023-05-30T15:11:32 IST" name="Default suite" finished-at="2023-05-30T15:11:59 IST" duration-ms="27432">
    <groups>
    </groups>
    <test started-at="2023-05-30T15:11:32 IST" name="Default test" finished-at="2023-05-30T15:11:59 IST" duration-ms="27432">
      <class name="Testcase.Home_page_login">
        <test-method signature="login()[pri:0, instance:Testcase.Home_page_login@1700915]" started-at="2023-05-30T15:11:32 IST" name="login" finished-at="2023-05-30T15:11:59 IST" duration-ms="27299" status="PASS">
          <reporter-output>
          </reporter-output>
        </test-method> <!-- login -->
      </class> <!-- Testcase.Home_page_login -->
    </test> <!-- Default test -->
  </suite> <!-- Default suite -->
</testng-results>
